<component name="libraryTable">
  <library name="junit4">
    <CLASSES>
      <root url="jar://C:/Program Files/JetBrains/IntelliJ IDEA Community Edition 2022.3.3/lib/junit4.jar!/" />
    </CLASSES>
    <JAVADOC />
    <SOURCES />
  </library>
</component>